<?xml version="1.0" encoding="UTF-8"?>
<testsuite xmlns:xsi="http://www.w3.org/2001/XMLSchema-instance" xsi:noNamespaceSchemaLocation="https://maven.apache.org/surefire/maven-surefire-plugin/xsd/surefire-test-report-3.0.xsd" version="3.0" name="com.adactin.runner.RunnerClass" time="14.735" tests="4" errors="0" skipped="0" failures="0">
  <properties>
    <property name="java.specification.version" value="17"/>
    <property name="sun.cpu.isalist" value="amd64"/>
    <property name="sun.jnu.encoding" value="Cp1252"/>
    <property name="java.class.path" value="C:\Users\vinot\git\repository\AdactinCucumber\target\test-classes;C:\Users\vinot\git\repository\AdactinCucumber\target\classes;C:\Users\vinot\.m2\repository\junit\junit\4.12\junit-4.12.jar;C:\Users\vinot\.m2\repository\org\hamcrest\hamcrest-core\1.3\hamcrest-core-1.3.jar;C:\Users\vinot\.m2\repository\io\cucumber\cucumber-core\7.14.0\cucumber-core-7.14.0.jar;C:\Users\vinot\.m2\repository\io\cucumber\cucumber-gherkin\7.14.0\cucumber-gherkin-7.14.0.jar;C:\Users\vinot\.m2\repository\io\cucumber\cucumber-gherkin-messages\7.14.0\cucumber-gherkin-messages-7.14.0.jar;C:\Users\vinot\.m2\repository\io\cucumber\gherkin\26.2.0\gherkin-26.2.0.jar;C:\Users\vinot\.m2\repository\io\cucumber\messages\22.0.0\messages-22.0.0.jar;C:\Users\vinot\.m2\repository\io\cucumber\tag-expressions\5.0.6\tag-expressions-5.0.6.jar;C:\Users\vinot\.m2\repository\io\cucumber\cucumber-expressions\16.1.2\cucumber-expressions-16.1.2.jar;C:\Users\vinot\.m2\repository\io\cucumber\datatable\7.14.0\datatable-7.14.0.jar;C:\Users\vinot\.m2\repository\io\cucumber\cucumber-plugin\7.14.0\cucumber-plugin-7.14.0.jar;C:\Users\vinot\.m2\repository\io\cucumber\docstring\7.14.0\docstring-7.14.0.jar;C:\Users\vinot\.m2\repository\io\cucumber\html-formatter\20.4.0\html-formatter-20.4.0.jar;C:\Users\vinot\.m2\repository\io\cucumber\junit-xml-formatter\0.2.0\junit-xml-formatter-0.2.0.jar;C:\Users\vinot\.m2\repository\io\cucumber\ci-environment\9.2.0\ci-environment-9.2.0.jar;C:\Users\vinot\.m2\repository\org\apiguardian\apiguardian-api\1.1.2\apiguardian-api-1.1.2.jar;C:\Users\vinot\.m2\repository\io\cucumber\cucumber-java\7.14.0\cucumber-java-7.14.0.jar;C:\Users\vinot\.m2\repository\io\cucumber\cucumber-junit\7.14.0\cucumber-junit-7.14.0.jar;C:\Users\vinot\.m2\repository\org\seleniumhq\selenium\selenium-java\3.141.59\selenium-java-3.141.59.jar;C:\Users\vinot\.m2\repository\org\seleniumhq\selenium\selenium-api\3.141.59\selenium-api-3.141.59.jar;C:\Users\vinot\.m2\repository\org\seleniumhq\selenium\selenium-chrome-driver\3.141.59\selenium-chrome-driver-3.141.59.jar;C:\Users\vinot\.m2\repository\org\seleniumhq\selenium\selenium-edge-driver\3.141.59\selenium-edge-driver-3.141.59.jar;C:\Users\vinot\.m2\repository\org\seleniumhq\selenium\selenium-firefox-driver\3.141.59\selenium-firefox-driver-3.141.59.jar;C:\Users\vinot\.m2\repository\org\seleniumhq\selenium\selenium-ie-driver\3.141.59\selenium-ie-driver-3.141.59.jar;C:\Users\vinot\.m2\repository\org\seleniumhq\selenium\selenium-opera-driver\3.141.59\selenium-opera-driver-3.141.59.jar;C:\Users\vinot\.m2\repository\org\seleniumhq\selenium\selenium-remote-driver\3.141.59\selenium-remote-driver-3.141.59.jar;C:\Users\vinot\.m2\repository\org\seleniumhq\selenium\selenium-safari-driver\3.141.59\selenium-safari-driver-3.141.59.jar;C:\Users\vinot\.m2\repository\org\seleniumhq\selenium\selenium-support\3.141.59\selenium-support-3.141.59.jar;C:\Users\vinot\.m2\repository\net\bytebuddy\byte-buddy\1.8.15\byte-buddy-1.8.15.jar;C:\Users\vinot\.m2\repository\org\apache\commons\commons-exec\1.3\commons-exec-1.3.jar;C:\Users\vinot\.m2\repository\com\google\guava\guava\25.0-jre\guava-25.0-jre.jar;C:\Users\vinot\.m2\repository\com\google\code\findbugs\jsr305\1.3.9\jsr305-1.3.9.jar;C:\Users\vinot\.m2\repository\org\checkerframework\checker-compat-qual\2.0.0\checker-compat-qual-2.0.0.jar;C:\Users\vinot\.m2\repository\com\google\errorprone\error_prone_annotations\2.1.3\error_prone_annotations-2.1.3.jar;C:\Users\vinot\.m2\repository\com\google\j2objc\j2objc-annotations\1.1\j2objc-annotations-1.1.jar;C:\Users\vinot\.m2\repository\org\codehaus\mojo\animal-sniffer-annotations\1.14\animal-sniffer-annotations-1.14.jar;C:\Users\vinot\.m2\repository\com\squareup\okhttp3\okhttp\3.11.0\okhttp-3.11.0.jar;C:\Users\vinot\.m2\repository\com\squareup\okio\okio\1.14.0\okio-1.14.0.jar;C:\Users\vinot\.m2\repository\commons-io\commons-io\2.15.0\commons-io-2.15.0.jar;C:\Users\vinot\.m2\repository\com\vimalselvam\cucumber-extentsreport\3.0.2\cucumber-extentsreport-3.0.2.jar;C:\Users\vinot\.m2\repository\com\aventstack\extentreports\3.1.2\extentreports-3.1.2.jar;C:\Users\vinot\.m2\repository\org\freemarker\freemarker\2.3.23\freemarker-2.3.23.jar;C:\Users\vinot\.m2\repository\org\mongodb\mongodb-driver\3.3.0\mongodb-driver-3.3.0.jar;C:\Users\vinot\.m2\repository\org\mongodb\bson\3.3.0\bson-3.3.0.jar;C:\Users\vinot\.m2\repository\org\mongodb\mongodb-driver-core\3.3.0\mongodb-driver-core-3.3.0.jar;C:\Users\vinot\.m2\repository\org\apache\httpcomponents\httpclient\4.5.2\httpclient-4.5.2.jar;C:\Users\vinot\.m2\repository\org\apache\httpcomponents\httpcore\4.4.4\httpcore-4.4.4.jar;C:\Users\vinot\.m2\repository\commons-logging\commons-logging\1.2\commons-logging-1.2.jar;C:\Users\vinot\.m2\repository\commons-codec\commons-codec\1.9\commons-codec-1.9.jar;C:\Users\vinot\.m2\repository\org\apache\httpcomponents\httpmime\4.5.2\httpmime-4.5.2.jar;C:\Users\vinot\.m2\repository\org\jsoup\jsoup\1.9.2\jsoup-1.9.2.jar;C:\Users\vinot\.m2\repository\com\google\code\gson\gson\2.8.0\gson-2.8.0.jar;"/>
    <property name="java.vm.vendor" value="Eclipse Adoptium"/>
    <property name="sun.arch.data.model" value="64"/>
    <property name="user.variant" value=""/>
    <property name="java.vendor.url" value="https://adoptium.net/"/>
    <property name="user.timezone" value="Asia/Calcutta"/>
    <property name="os.name" value="Windows 11"/>
    <property name="java.vm.specification.version" value="17"/>
    <property name="sun.java.launcher" value="SUN_STANDARD"/>
    <property name="user.country" value="IN"/>
    <property name="sun.boot.library.path" value="C:\Users\vinot\.p2\pool\plugins\org.eclipse.justj.openjdk.hotspot.jre.full.win32.x86_64_17.0.8.v20230831-1047\jre\bin"/>
    <property name="sun.java.command" value="C:\Users\vinot\AppData\Local\Temp\surefire7923996045133474364\surefirebooter18375017501016836642.jar C:\Users\vinot\AppData\Local\Temp\surefire7923996045133474364 2023-11-02T16-03-02_755-jvmRun1 surefire751333940827213402tmp surefire_013711915425464153330tmp"/>
    <property name="jdk.debug" value="release"/>
    <property name="surefire.test.class.path" value="C:\Users\vinot\git\repository\AdactinCucumber\target\test-classes;C:\Users\vinot\git\repository\AdactinCucumber\target\classes;C:\Users\vinot\.m2\repository\junit\junit\4.12\junit-4.12.jar;C:\Users\vinot\.m2\repository\org\hamcrest\hamcrest-core\1.3\hamcrest-core-1.3.jar;C:\Users\vinot\.m2\repository\io\cucumber\cucumber-core\7.14.0\cucumber-core-7.14.0.jar;C:\Users\vinot\.m2\repository\io\cucumber\cucumber-gherkin\7.14.0\cucumber-gherkin-7.14.0.jar;C:\Users\vinot\.m2\repository\io\cucumber\cucumber-gherkin-messages\7.14.0\cucumber-gherkin-messages-7.14.0.jar;C:\Users\vinot\.m2\repository\io\cucumber\gherkin\26.2.0\gherkin-26.2.0.jar;C:\Users\vinot\.m2\repository\io\cucumber\messages\22.0.0\messages-22.0.0.jar;C:\Users\vinot\.m2\repository\io\cucumber\tag-expressions\5.0.6\tag-expressions-5.0.6.jar;C:\Users\vinot\.m2\repository\io\cucumber\cucumber-expressions\16.1.2\cucumber-expressions-16.1.2.jar;C:\Users\vinot\.m2\repository\io\cucumber\datatable\7.14.0\datatable-7.14.0.jar;C:\Users\vinot\.m2\repository\io\cucumber\cucumber-plugin\7.14.0\cucumber-plugin-7.14.0.jar;C:\Users\vinot\.m2\repository\io\cucumber\docstring\7.14.0\docstring-7.14.0.jar;C:\Users\vinot\.m2\repository\io\cucumber\html-formatter\20.4.0\html-formatter-20.4.0.jar;C:\Users\vinot\.m2\repository\io\cucumber\junit-xml-formatter\0.2.0\junit-xml-formatter-0.2.0.jar;C:\Users\vinot\.m2\repository\io\cucumber\ci-environment\9.2.0\ci-environment-9.2.0.jar;C:\Users\vinot\.m2\repository\org\apiguardian\apiguardian-api\1.1.2\apiguardian-api-1.1.2.jar;C:\Users\vinot\.m2\repository\io\cucumber\cucumber-java\7.14.0\cucumber-java-7.14.0.jar;C:\Users\vinot\.m2\repository\io\cucumber\cucumber-junit\7.14.0\cucumber-junit-7.14.0.jar;C:\Users\vinot\.m2\repository\org\seleniumhq\selenium\selenium-java\3.141.59\selenium-java-3.141.59.jar;C:\Users\vinot\.m2\repository\org\seleniumhq\selenium\selenium-api\3.141.59\selenium-api-3.141.59.jar;C:\Users\vinot\.m2\repository\org\seleniumhq\selenium\selenium-chrome-driver\3.141.59\selenium-chrome-driver-3.141.59.jar;C:\Users\vinot\.m2\repository\org\seleniumhq\selenium\selenium-edge-driver\3.141.59\selenium-edge-driver-3.141.59.jar;C:\Users\vinot\.m2\repository\org\seleniumhq\selenium\selenium-firefox-driver\3.141.59\selenium-firefox-driver-3.141.59.jar;C:\Users\vinot\.m2\repository\org\seleniumhq\selenium\selenium-ie-driver\3.141.59\selenium-ie-driver-3.141.59.jar;C:\Users\vinot\.m2\repository\org\seleniumhq\selenium\selenium-opera-driver\3.141.59\selenium-opera-driver-3.141.59.jar;C:\Users\vinot\.m2\repository\org\seleniumhq\selenium\selenium-remote-driver\3.141.59\selenium-remote-driver-3.141.59.jar;C:\Users\vinot\.m2\repository\org\seleniumhq\selenium\selenium-safari-driver\3.141.59\selenium-safari-driver-3.141.59.jar;C:\Users\vinot\.m2\repository\org\seleniumhq\selenium\selenium-support\3.141.59\selenium-support-3.141.59.jar;C:\Users\vinot\.m2\repository\net\bytebuddy\byte-buddy\1.8.15\byte-buddy-1.8.15.jar;C:\Users\vinot\.m2\repository\org\apache\commons\commons-exec\1.3\commons-exec-1.3.jar;C:\Users\vinot\.m2\repository\com\google\guava\guava\25.0-jre\guava-25.0-jre.jar;C:\Users\vinot\.m2\repository\com\google\code\findbugs\jsr305\1.3.9\jsr305-1.3.9.jar;C:\Users\vinot\.m2\repository\org\checkerframework\checker-compat-qual\2.0.0\checker-compat-qual-2.0.0.jar;C:\Users\vinot\.m2\repository\com\google\errorprone\error_prone_annotations\2.1.3\error_prone_annotations-2.1.3.jar;C:\Users\vinot\.m2\repository\com\google\j2objc\j2objc-annotations\1.1\j2objc-annotations-1.1.jar;C:\Users\vinot\.m2\repository\org\codehaus\mojo\animal-sniffer-annotations\1.14\animal-sniffer-annotations-1.14.jar;C:\Users\vinot\.m2\repository\com\squareup\okhttp3\okhttp\3.11.0\okhttp-3.11.0.jar;C:\Users\vinot\.m2\repository\com\squareup\okio\okio\1.14.0\okio-1.14.0.jar;C:\Users\vinot\.m2\repository\commons-io\commons-io\2.15.0\commons-io-2.15.0.jar;C:\Users\vinot\.m2\repository\com\vimalselvam\cucumber-extentsreport\3.0.2\cucumber-extentsreport-3.0.2.jar;C:\Users\vinot\.m2\repository\com\aventstack\extentreports\3.1.2\extentreports-3.1.2.jar;C:\Users\vinot\.m2\repository\org\freemarker\freemarker\2.3.23\freemarker-2.3.23.jar;C:\Users\vinot\.m2\repository\org\mongodb\mongodb-driver\3.3.0\mongodb-driver-3.3.0.jar;C:\Users\vinot\.m2\repository\org\mongodb\bson\3.3.0\bson-3.3.0.jar;C:\Users\vinot\.m2\repository\org\mongodb\mongodb-driver-core\3.3.0\mongodb-driver-core-3.3.0.jar;C:\Users\vinot\.m2\repository\org\apache\httpcomponents\httpclient\4.5.2\httpclient-4.5.2.jar;C:\Users\vinot\.m2\repository\org\apache\httpcomponents\httpcore\4.4.4\httpcore-4.4.4.jar;C:\Users\vinot\.m2\repository\commons-logging\commons-logging\1.2\commons-logging-1.2.jar;C:\Users\vinot\.m2\repository\commons-codec\commons-codec\1.9\commons-codec-1.9.jar;C:\Users\vinot\.m2\repository\org\apache\httpcomponents\httpmime\4.5.2\httpmime-4.5.2.jar;C:\Users\vinot\.m2\repository\org\jsoup\jsoup\1.9.2\jsoup-1.9.2.jar;C:\Users\vinot\.m2\repository\com\google\code\gson\gson\2.8.0\gson-2.8.0.jar;"/>
    <property name="sun.cpu.endian" value="little"/>
    <property name="user.home" value="C:\Users\vinot"/>
    <property name="user.language" value="en"/>
    <property name="java.specification.vendor" value="Oracle Corporation"/>
    <property name="java.version.date" value="2023-08-24"/>
    <property name="java.home" value="C:\Users\vinot\.p2\pool\plugins\org.eclipse.justj.openjdk.hotspot.jre.full.win32.x86_64_17.0.8.v20230831-1047\jre"/>
    <property name="file.separator" value="\"/>
    <property name="style.color" value="always"/>
    <property name="basedir" value="C:\Users\vinot\git\repository\AdactinCucumber"/>
    <property name="java.vm.compressedOopsMode" value="32-bit"/>
    <property name="line.separator" value="&#10;"/>
    <property name="java.vm.specification.vendor" value="Oracle Corporation"/>
    <property name="java.specification.name" value="Java Platform API Specification"/>
    <property name="surefire.real.class.path" value="C:\Users\vinot\AppData\Local\Temp\surefire7923996045133474364\surefirebooter18375017501016836642.jar"/>
    <property name="user.script" value=""/>
    <property name="sun.management.compiler" value="HotSpot 64-Bit Tiered Compilers"/>
    <property name="java.runtime.version" value="17.0.8.1+1"/>
    <property name="user.name" value="vinot"/>
    <property name="path.separator" value=";"/>
    <property name="os.version" value="10.0"/>
    <property name="java.runtime.name" value="OpenJDK Runtime Environment"/>
    <property name="file.encoding" value="Cp1252"/>
    <property name="java.vm.name" value="OpenJDK 64-Bit Server VM"/>
    <property name="java.vendor.version" value="Temurin-17.0.8.1+1"/>
    <property name="localRepository" value="C:\Users\vinot\.m2\repository"/>
    <property name="java.vendor.url.bug" value="https://github.com/adoptium/adoptium-support/issues"/>
    <property name="java.io.tmpdir" value="C:\Users\vinot\AppData\Local\Temp\"/>
    <property name="java.version" value="17.0.8.1"/>
    <property name="user.dir" value="C:\Users\vinot\git\repository\AdactinCucumber"/>
    <property name="os.arch" value="amd64"/>
    <property name="java.vm.specification.name" value="Java Virtual Machine Specification"/>
    <property name="sun.os.patch.level" value=""/>
    <property name="native.encoding" value="Cp1252"/>
    <property name="java.library.path" value="C:\Users\vinot\.p2\pool\plugins\org.eclipse.justj.openjdk.hotspot.jre.full.win32.x86_64_17.0.8.v20230831-1047\jre\bin;C:\Windows\Sun\Java\bin;C:\Windows\system32;C:\Windows;C:/Users/vinot/.p2/pool/plugins/org.eclipse.justj.openjdk.hotspot.jre.full.win32.x86_64_17.0.8.v20230831-1047/jre/bin/server;C:/Users/vinot/.p2/pool/plugins/org.eclipse.justj.openjdk.hotspot.jre.full.win32.x86_64_17.0.8.v20230831-1047/jre/bin;C:\Program Files\Common Files\Oracle\Java\javapath;C:\Program Files (x86)\Common Files\Oracle\Java\javapath;C:\Windows\system32;C:\Windows;C:\Windows\System32\Wbem;C:\Windows\System32\WindowsPowerShell\v1.0\;C:\Windows\System32\OpenSSH\;C:\Program Files\Git\cmd;C:\Program Files\nodejs\;C:\Program Files\apache-maven-3.9.5\bin;C:\Users\vinot\AppData\Local\Microsoft\WindowsApps;C:\Program Files\nodejs\;C:\Users\vinot\AppData\Roaming\npm;;C:\Users\vinot\AppData\Local\Programs\Microsoft VS Code\bin;C:\Users\vinot\OneDrive\Desktop;;."/>
    <property name="java.vm.info" value="mixed mode"/>
    <property name="java.vendor" value="Eclipse Adoptium"/>
    <property name="java.vm.version" value="17.0.8.1+1"/>
    <property name="sun.io.unicode.encoding" value="UnicodeLittle"/>
    <property name="java.class.version" value="61.0"/>
  </properties>
  <testcase name="User Login In The Web Application" classname="Hotel Booking In Adactin Application" time="7.409">
    <system-out><![CDATA[
Scenario: User Login In The Web Application                              &amp#27;[90m# src/test/java/com/adactin/feature/Adactin.feature:3&amp#27;[0m
  &amp#27;[32mGiven &amp#27;[0m&amp#27;[32muser Launch The Url In Adactin Application&amp#27;[0m                       &amp#27;[90m# com.adactin.stepdefinition.StepDefenition.user_Launch_The_Url_In_Adactin_Application()&amp#27;[0m
  &amp#27;[32mWhen &amp#27;[0m&amp#27;[32muser Enter The Username In User Field&amp#27;[0m                             &amp#27;[90m# com.adactin.stepdefinition.StepDefenition.user_Enter_The_Username_In_User_Field()&amp#27;[0m
  &amp#27;[32mAnd &amp#27;[0m&amp#27;[32muser Enter The Password In Paaword Field&amp#27;[0m                           &amp#27;[90m# com.adactin.stepdefinition.StepDefenition.user_Enter_The_Password_In_Paaword_Field()&amp#27;[0m
  &amp#27;[32mThen &amp#27;[0m&amp#27;[32muser Click The Login Button And It Navigates To Search Hotel Page&amp#27;[0m &amp#27;[90m# com.adactin.stepdefinition.StepDefenition.user_Click_The_Login_Button_And_It_Navigates_To_Search_Hotel_Page()&amp#27;[0m
]]></system-out>
    <system-err><![CDATA[Starting ChromeDriver 117.0.5938.88 (be6afae4721209be42944bbcd325665f9f44563b-refs/branch-heads/5938_62@{#9}) on port 60638
Only local connections are allowed.
Please see https://chromedriver.chromium.org/security-considerations for suggestions on keeping ChromeDriver safe.
ChromeDriver was started successfully.
[1698921185.107][WARNING]: This version of ChromeDriver has not been tested with Chrome version 118.
Nov 02, 2023 4:03:05 PM org.openqa.selenium.remote.ProtocolHandshake createSession
INFO: Detected dialect: W3C
]]></system-err>
  </testcase>
  <testcase name="User Select The Hotel Type" classname="Hotel Booking In Adactin Application" time="2.75">
    <system-out><![CDATA[
Scenario: User Select The Hotel Type                              &amp#27;[90m# src/test/java/com/adactin/feature/Adactin.feature:9&amp#27;[0m
  &amp#27;[32mWhen &amp#27;[0m&amp#27;[32mUser Select The Location&amp#27;[0m                                   &amp#27;[90m# com.adactin.stepdefinition.StepDefenition.user_Select_The_Location()&amp#27;[0m
  &amp#27;[32mAnd &amp#27;[0m&amp#27;[32muser Select The Hotels&amp#27;[0m                                      &amp#27;[90m# com.adactin.stepdefinition.StepDefenition.user_Select_The_Hotels()&amp#27;[0m
  &amp#27;[32mAnd &amp#27;[0m&amp#27;[32muser Select The Room Type&amp#27;[0m                                   &amp#27;[90m# com.adactin.stepdefinition.StepDefenition.user_Select_The_Room_Type()&amp#27;[0m
  &amp#27;[32mAnd &amp#27;[0m&amp#27;[32muser Select The Number Of Rooms&amp#27;[0m                             &amp#27;[90m# com.adactin.stepdefinition.StepDefenition.user_Select_The_Number_Of_Rooms()&amp#27;[0m
  &amp#27;[32mAnd &amp#27;[0m&amp#27;[32muser Enter The Check In Date&amp#27;[0m                                &amp#27;[90m# com.adactin.stepdefinition.StepDefenition.user_Enter_The_Check_In_Date()&amp#27;[0m
  &amp#27;[32mAnd &amp#27;[0m&amp#27;[32muser Enter The Check Out Date&amp#27;[0m                               &amp#27;[90m# com.adactin.stepdefinition.StepDefenition.user_Enter_The_Check_Out_Date()&amp#27;[0m
  &amp#27;[32mAnd &amp#27;[0m&amp#27;[32muser Select The Adults Per Room&amp#27;[0m                             &amp#27;[90m# com.adactin.stepdefinition.StepDefenition.user_Select_The_Adults_Per_Room()&amp#27;[0m
  &amp#27;[32mAnd &amp#27;[0m&amp#27;[32muser Select The Children Per Room&amp#27;[0m                           &amp#27;[90m# com.adactin.stepdefinition.StepDefenition.user_Select_The_Children_Per_Room()&amp#27;[0m
  &amp#27;[32mThen &amp#27;[0m&amp#27;[32muser Click The Search Button And It Navigates To Next Page&amp#27;[0m &amp#27;[90m# com.adactin.stepdefinition.StepDefenition.user_Click_The_Search_Button_And_It_Navigates_To_Next_Page()&amp#27;[0m
]]></system-out>
  </testcase>
  <testcase name="User Select The Hotel" classname="Hotel Booking In Adactin Application" time="0.812">
    <system-out><![CDATA[
Scenario: User Select The Hotel                                         &amp#27;[90m# src/test/java/com/adactin/feature/Adactin.feature:20&amp#27;[0m
  &amp#27;[32mWhen &amp#27;[0m&amp#27;[32muser Select The Hotel Name&amp#27;[0m                                       &amp#27;[90m# com.adactin.stepdefinition.StepDefenition.user_Select_The_Hotel_Name()&amp#27;[0m
  &amp#27;[32mThen &amp#27;[0m&amp#27;[32muser Click The Continue Button And And It Navigates To Next Page&amp#27;[0m &amp#27;[90m# com.adactin.stepdefinition.StepDefenition.user_Click_The_Continue_Button_And_And_It_Navigates_To_Next_Page()&amp#27;[0m
]]></system-out>
  </testcase>
  <testcase name="User Book A Hotel" classname="Hotel Booking In Adactin Application" time="1.508">
    <system-out><![CDATA[
Scenario: User Book A Hotel                                   &amp#27;[90m# src/test/java/com/adactin/feature/Adactin.feature:24&amp#27;[0m
  &amp#27;[32mWhen &amp#27;[0m&amp#27;[32muser Enter The First Name In First Name Field&amp#27;[0m          &amp#27;[90m# com.adactin.stepdefinition.StepDefenition.user_Enter_The_First_Name_In_First_Name_Field()&amp#27;[0m
  &amp#27;[32mAnd &amp#27;[0m&amp#27;[32muser Enter The Last Name In Last Name Field&amp#27;[0m             &amp#27;[90m# com.adactin.stepdefinition.StepDefenition.user_Enter_The_Last_Name_In_Last_Name_Field()&amp#27;[0m
  &amp#27;[32mAnd &amp#27;[0m&amp#27;[32muser Enter The Billing Address In Billing Address Field&amp#27;[0m &amp#27;[90m# com.adactin.stepdefinition.StepDefenition.user_Enter_The_Billing_Address_In_Billing_Address_Field()&amp#27;[0m
  &amp#27;[32mAnd &amp#27;[0m&amp#27;[32muser Enter The Credit Card No In Credit Card No Field&amp#27;[0m   &amp#27;[90m# com.adactin.stepdefinition.StepDefenition.user_Enter_The_Credit_Card_No_In_Credit_Card_No_Field()&amp#27;[0m
  &amp#27;[32mAnd &amp#27;[0m&amp#27;[32muser Select The Credit Card Type In Credit Card Field&amp#27;[0m   &amp#27;[90m# com.adactin.stepdefinition.StepDefenition.user_Select_The_Credit_Card_Type_In_Credit_Card_Field()&amp#27;[0m
  &amp#27;[32mAnd &amp#27;[0m&amp#27;[32muser Select The Expiry Date In Month And Year&amp#27;[0m           &amp#27;[90m# com.adactin.stepdefinition.StepDefenition.user_Select_The_Expiry_Date_In_Month_And_Year()&amp#27;[0m
  &amp#27;[32mAnd &amp#27;[0m&amp#27;[32muser Enter The Cvv Number In Cvv Number Field&amp#27;[0m           &amp#27;[90m# com.adactin.stepdefinition.StepDefenition.user_Enter_The_Cvv_Number_In_Cvv_Number_Field()&amp#27;[0m
  &amp#27;[32mThen &amp#27;[0m&amp#27;[32mUser Click The Book Now And It Navigates To Next Page&amp#27;[0m  &amp#27;[90m# com.adactin.stepdefinition.StepDefenition.user_Click_The_Book_Now_And_It_Navigates_To_Next_Page()&amp#27;[0m
]]></system-out>
  </testcase>
</testsuite>